[0.008s] Invoking command in '/home/mz/auto-exercise/dex_sugun_ws/build/dex_controller': CMAKE_PREFIX_PATH=${CMAKE_PREFIX_PATH}:/opt/ros/humble /usr/bin/cmake --build /home/mz/auto-exercise/dex_sugun_ws/build/dex_controller -- -j24 -l24
[0.032s] [35m[1mConsolidate compiler generated dependencies of target dex_controller[0m
[0.045s] [ 50%] [32mBuilding CXX object CMakeFiles/dex_controller.dir/src/dex_controller.cpp.o[0m
[1.789s] [01m[K/home/mz/auto-exercise/dex_sugun_ws/src/dex_solution/dex_controller/src/dex_controller.cpp:[m[K In member function â€˜[01m[Kbool dex_controller::DexController::transformPose(std::string, const PoseStamped&, geometry_msgs::msg::PoseStamped&) const[m[Kâ€™:
[1.789s] [01m[K/home/mz/auto-exercise/dex_sugun_ws/src/dex_solution/dex_controller/src/dex_controller.cpp:53:46:[m[K [01;31m[Kerror: [m[Kâ€˜[01m[Ktransform_tolerance_[m[Kâ€™ was not declared in this scope
[1.790s]    53 |     tf_->transform(in_pose, out_pose, frame, [01;31m[Ktransform_tolerance_[m[K);
[1.790s]       |                                              [01;31m[K^~~~~~~~~~~~~~~~~~~~[m[K
[1.790s] [01m[K/home/mz/auto-exercise/dex_sugun_ws/src/dex_solution/dex_controller/src/dex_controller.cpp:[m[K In member function â€˜[01m[Knav_msgs::msg::Path dex_controller::DexController::transformGlobalPlan(const PoseStamped&)[m[Kâ€™:
[1.790s] [01m[K/home/mz/auto-exercise/dex_sugun_ws/src/dex_solution/dex_controller/src/dex_controller.cpp:71:16:[m[K [01;31m[Kerror: [m[Kâ€˜[01m[Knav2_util::geometry_utils[m[Kâ€™ has not been declared
[1.790s]    71 |     nav2_util::[01;31m[Kgeometry_utils[m[K::min_by(
[1.790s]       |                [01;31m[K^~~~~~~~~~~~~~[m[K
[1.797s] [01m[K/home/mz/auto-exercise/dex_sugun_ws/src/dex_solution/dex_controller/src/dex_controller.cpp:72:33:[m[K [01;31m[Kerror: [m[Kâ€˜[01m[Kclosest_pose_upper_bound[m[Kâ€™ was not declared in this scope
[1.797s]    72 |     global_plan_.poses.begin(), [01;31m[Kclosest_pose_upper_bound[m[K,
[1.797s]       |                                 [01;31m[K^~~~~~~~~~~~~~~~~~~~~~~~[m[K
[1.801s] [01m[K/home/mz/auto-exercise/dex_sugun_ws/src/dex_solution/dex_controller/src/dex_controller.cpp:73:7:[m[K [01;31m[Kerror: [m[Kâ€˜[01m[Krobot_pose[m[Kâ€™ was not declared in this scope
[1.801s]    73 |     [&[01;31m[Krobot_pose[m[K](const geometry_msgs::msg::PoseStamped & ps) {
[1.801s]       |       [01;31m[K^~~~~~~~~~[m[K
[1.801s] [01m[K/home/mz/auto-exercise/dex_sugun_ws/src/dex_solution/dex_controller/src/dex_controller.cpp:[m[K In lambda function:
[1.801s] [01m[K/home/mz/auto-exercise/dex_sugun_ws/src/dex_solution/dex_controller/src/dex_controller.cpp:74:33:[m[K [01;31m[Kerror: [m[Kâ€˜[01m[Krobot_pose[m[Kâ€™ is not captured
[1.801s]    74 |       return euclidean_distance([01;31m[Krobot_pose[m[K, ps);
[1.801s]       |                                 [01;31m[K^~~~~~~~~~[m[K
[1.802s] [01m[K/home/mz/auto-exercise/dex_sugun_ws/src/dex_solution/dex_controller/src/dex_controller.cpp:73:17:[m[K [01;36m[Knote: [m[Kthe lambda has no capture-default
[1.802s]    73 |     [&robot_pose[01;36m[K][m[K(const geometry_msgs::msg::PoseStamped & ps) {
[1.802s]       |                 [01;36m[K^[m[K
[1.802s] [01m[K/home/mz/auto-exercise/dex_sugun_ws/src/dex_solution/dex_controller/src/dex_controller.cpp:73:7:[m[K [01;36m[Knote: [m[Kâ€˜[01m[K<typeprefixerror>robot_pose[m[Kâ€™ declared here
[1.802s]    73 |     [&[01;36m[Krobot_pose[m[K](const geometry_msgs::msg::PoseStamped & ps) {
[1.802s]       |       [01;36m[K^~~~~~~~~~[m[K
[1.807s] [01m[K/home/mz/auto-exercise/dex_sugun_ws/src/dex_solution/dex_controller/src/dex_controller.cpp:74:14:[m[K [01;31m[Kerror: [m[Kâ€˜[01m[Keuclidean_distance[m[Kâ€™ was not declared in this scope
[1.807s]    74 |       return [01;31m[Keuclidean_distance[m[K(robot_pose, ps);
[1.807s]       |              [01;31m[K^~~~~~~~~~~~~~~~~~[m[K
[1.813s] [01m[K/home/mz/auto-exercise/dex_sugun_ws/src/dex_solution/dex_controller/src/dex_controller.cpp:[m[K In lambda function:
[1.813s] [01m[K/home/mz/auto-exercise/dex_sugun_ws/src/dex_solution/dex_controller/src/dex_controller.cpp:81:53:[m[K [01;31m[Kerror: [m[Kâ€˜[01m[Kmax_costmap_extent[m[Kâ€™ was not declared in this scope
[1.813s]    81 |       return euclidean_distance(pose, robot_pose) > [01;31m[Kmax_costmap_extent[m[K;
[1.813s]       |                                                     [01;31m[K^~~~~~~~~~~~~~~~~~[m[K
[2.652s] gmake[2]: *** [CMakeFiles/dex_controller.dir/build.make:76: CMakeFiles/dex_controller.dir/src/dex_controller.cpp.o] Error 1
[2.652s] gmake[1]: *** [CMakeFiles/Makefile2:137: CMakeFiles/dex_controller.dir/all] Error 2
[2.652s] gmake: *** [Makefile:146: all] Error 2
[2.654s] Invoked command in '/home/mz/auto-exercise/dex_sugun_ws/build/dex_controller' returned '2': CMAKE_PREFIX_PATH=${CMAKE_PREFIX_PATH}:/opt/ros/humble /usr/bin/cmake --build /home/mz/auto-exercise/dex_sugun_ws/build/dex_controller -- -j24 -l24
