In file included from [01m[K/opt/ros/humble/include/rclcpp/rclcpp/logging.hpp:24[m[K,
                 from [01m[K/opt/ros/humble/include/rclcpp/rclcpp/client.hpp:40[m[K,
                 from [01m[K/opt/ros/humble/include/rclcpp/rclcpp/callback_group.hpp:24[m[K,
                 from [01m[K/opt/ros/humble/include/rclcpp_lifecycle/rclcpp_lifecycle/lifecycle_node.hpp:55[m[K,
                 from [01m[K/opt/ros/humble/include/nav2_costmap_2d/costmap_2d_publisher.hpp:46[m[K,
                 from [01m[K/opt/ros/humble/include/nav2_costmap_2d/costmap_2d_ros.hpp:48[m[K,
                 from [01m[K/opt/ros/humble/include/nav2_core/controller.hpp:42[m[K,
                 from [01m[K/home/mz/auto-exercise/dex_sugun_ws/src/dex_solution/dex_controller/include/dex_controller/dex_controller.hpp:10[m[K,
                 from [01m[K/home/mz/auto-exercise/dex_sugun_ws/src/dex_solution/dex_controller/src/dex_controller.cpp:3[m[K:
[01m[K/home/mz/auto-exercise/dex_sugun_ws/src/dex_solution/dex_controller/src/dex_controller.cpp:[m[K In member function â€˜[01m[Kvirtual void dex_controller::DexController::cleanup()[m[Kâ€™:
[01m[K/home/mz/auto-exercise/dex_sugun_ws/src/dex_solution/dex_controller/src/dex_controller.cpp:19:93:[m[K [01;31m[Kerror: [m[Kâ€˜[01m[Kplugin_name_[m[Kâ€™ was not declared in this scope
   19 | O( logger_, "Cleaning up controller: %s of type dex_controller::DexController", [01;31m[Kplugin_name_[m[K.c_str());
      |                                                                                 [01;31m[K^~~~~~~~~~~~[m[K

[01m[K/home/mz/auto-exercise/dex_sugun_ws/src/dex_solution/dex_controller/src/dex_controller.cpp:[m[K In member function â€˜[01m[Kvirtual void dex_controller::DexController::activate()[m[Kâ€™:
[01m[K/home/mz/auto-exercise/dex_sugun_ws/src/dex_solution/dex_controller/src/dex_controller.cpp:24:92:[m[K [01;31m[Kerror: [m[Kâ€˜[01m[Kplugin_name_[m[Kâ€™ was not declared in this scope
   24 | FO( logger_, "Activating controller: %s of type dex_controller::DexController", [01;31m[Kplugin_name_[m[K.c_str());
      |                                                                                 [01;31m[K^~~~~~~~~~~~[m[K

[01m[K/home/mz/auto-exercise/dex_sugun_ws/src/dex_solution/dex_controller/src/dex_controller.cpp:[m[K In member function â€˜[01m[Kvirtual void dex_controller::DexController::deactivate()[m[Kâ€™:
[01m[K/home/mz/auto-exercise/dex_sugun_ws/src/dex_solution/dex_controller/src/dex_controller.cpp:29:94:[m[K [01;31m[Kerror: [m[Kâ€˜[01m[Kplugin_name_[m[Kâ€™ was not declared in this scope
   29 | ( logger_, "Deactivating controller: %s of type dex_controller::DexController", [01;31m[Kplugin_name_[m[K.c_str());
      |                                                                                 [01;31m[K^~~~~~~~~~~~[m[K

[01m[K/home/mz/auto-exercise/dex_sugun_ws/src/dex_solution/dex_controller/src/dex_controller.cpp:[m[K In member function â€˜[01m[Kbool dex_controller::DexController::transformPose(std::string, const PoseStamped&, geometry_msgs::msg::PoseStamped&) const[m[Kâ€™:
[01m[K/home/mz/auto-exercise/dex_sugun_ws/src/dex_solution/dex_controller/src/dex_controller.cpp:44:5:[m[K [01;31m[Kerror: [m[Kâ€˜[01m[Ktf_[m[Kâ€™ was not declared in this scope; did you mean â€˜[01m[Ktf2[m[Kâ€™?
   44 |     [01;31m[Ktf_[m[K->transform(in_pose, out_pose, frame, transform_tolerance_);
      |     [01;31m[K^~~[m[K
      |     [32m[Ktf2[m[K
[01m[K/home/mz/auto-exercise/dex_sugun_ws/src/dex_solution/dex_controller/src/dex_controller.cpp:44:46:[m[K [01;31m[Kerror: [m[Kâ€˜[01m[Ktransform_tolerance_[m[Kâ€™ was not declared in this scope
   44 |     tf_->transform(in_pose, out_pose, frame, [01;31m[Ktransform_tolerance_[m[K);
      |                                              [01;31m[K^~~~~~~~~~~~~~~~~~~~[m[K
[01m[K/home/mz/auto-exercise/dex_sugun_ws/src/dex_solution/dex_controller/src/dex_controller.cpp:[m[K In member function â€˜[01m[Knav_msgs::msg::Path dex_controller::DexController::transformGlobalPlan(const PoseStamped&)[m[Kâ€™:
[01m[K/home/mz/auto-exercise/dex_sugun_ws/src/dex_solution/dex_controller/src/dex_controller.cpp:62:16:[m[K [01;31m[Kerror: [m[Kâ€˜[01m[Knav2_util::geometry_utils[m[Kâ€™ has not been declared
   62 |     nav2_util::[01;31m[Kgeometry_utils[m[K::min_by(
      |                [01;31m[K^~~~~~~~~~~~~~[m[K
[01m[K/home/mz/auto-exercise/dex_sugun_ws/src/dex_solution/dex_controller/src/dex_controller.cpp:63:33:[m[K [01;31m[Kerror: [m[Kâ€˜[01m[Kclosest_pose_upper_bound[m[Kâ€™ was not declared in this scope
   63 |     global_plan_.poses.begin(), [01;31m[Kclosest_pose_upper_bound[m[K,
      |                                 [01;31m[K^~~~~~~~~~~~~~~~~~~~~~~~[m[K
[01m[K/home/mz/auto-exercise/dex_sugun_ws/src/dex_solution/dex_controller/src/dex_controller.cpp:64:7:[m[K [01;31m[Kerror: [m[Kâ€˜[01m[Krobot_pose[m[Kâ€™ was not declared in this scope
   64 |     [&[01;31m[Krobot_pose[m[K](const geometry_msgs::msg::PoseStamped & ps) {
      |       [01;31m[K^~~~~~~~~~[m[K
[01m[K/home/mz/auto-exercise/dex_sugun_ws/src/dex_solution/dex_controller/src/dex_controller.cpp:[m[K In lambda function:
[01m[K/home/mz/auto-exercise/dex_sugun_ws/src/dex_solution/dex_controller/src/dex_controller.cpp:65:33:[m[K [01;31m[Kerror: [m[Kâ€˜[01m[Krobot_pose[m[Kâ€™ is not captured
   65 |       return euclidean_distance([01;31m[Krobot_pose[m[K, ps);
      |                                 [01;31m[K^~~~~~~~~~[m[K
[01m[K/home/mz/auto-exercise/dex_sugun_ws/src/dex_solution/dex_controller/src/dex_controller.cpp:64:17:[m[K [01;36m[Knote: [m[Kthe lambda has no capture-default
   64 |     [&robot_pose[01;36m[K][m[K(const geometry_msgs::msg::PoseStamped & ps) {
      |                 [01;36m[K^[m[K
[01m[K/home/mz/auto-exercise/dex_sugun_ws/src/dex_solution/dex_controller/src/dex_controller.cpp:64:7:[m[K [01;36m[Knote: [m[Kâ€˜[01m[K<typeprefixerror>robot_pose[m[Kâ€™ declared here
   64 |     [&[01;36m[Krobot_pose[m[K](const geometry_msgs::msg::PoseStamped & ps) {
      |       [01;36m[K^~~~~~~~~~[m[K
[01m[K/home/mz/auto-exercise/dex_sugun_ws/src/dex_solution/dex_controller/src/dex_controller.cpp:65:14:[m[K [01;31m[Kerror: [m[Kâ€˜[01m[Keuclidean_distance[m[Kâ€™ was not declared in this scope
   65 |       return [01;31m[Keuclidean_distance[m[K(robot_pose, ps);
      |              [01;31m[K^~~~~~~~~~~~~~~~~~[m[K
[01m[K/home/mz/auto-exercise/dex_sugun_ws/src/dex_solution/dex_controller/src/dex_controller.cpp:[m[K In lambda function:
[01m[K/home/mz/auto-exercise/dex_sugun_ws/src/dex_solution/dex_controller/src/dex_controller.cpp:72:53:[m[K [01;31m[Kerror: [m[Kâ€˜[01m[Kmax_costmap_extent[m[Kâ€™ was not declared in this scope
   72 |       return euclidean_distance(pose, robot_pose) > [01;31m[Kmax_costmap_extent[m[K;
      |                                                     [01;31m[K^~~~~~~~~~~~~~~~~~[m[K
[01m[K/home/mz/auto-exercise/dex_sugun_ws/src/dex_solution/dex_controller/src/dex_controller.cpp:[m[K In lambda function:
[01m[K/home/mz/auto-exercise/dex_sugun_ws/src/dex_solution/dex_controller/src/dex_controller.cpp:81:21:[m[K [01;31m[Kerror: [m[Kâ€˜[01m[Kcostmap_ros_[m[Kâ€™ was not declared in this scope
   81 |       transformPose([01;31m[Kcostmap_ros_[m[K->getBaseFrameID(), stamped_pose, transformed_pose);
      |                     [01;31m[K^~~~~~~~~~~~[m[K
[01m[K/home/mz/auto-exercise/dex_sugun_ws/src/dex_solution/dex_controller/src/dex_controller.cpp:[m[K In member function â€˜[01m[Knav_msgs::msg::Path dex_controller::DexController::transformGlobalPlan(const PoseStamped&)[m[Kâ€™:
[01m[K/home/mz/auto-exercise/dex_sugun_ws/src/dex_solution/dex_controller/src/dex_controller.cpp:92:38:[m[K [01;31m[Kerror: [m[Kâ€˜[01m[Kcostmap_ros_[m[Kâ€™ was not declared in this scope
   92 |   transformed_plan.header.frame_id = [01;31m[Kcostmap_ros_[m[K->getBaseFrameID();
      |                                      [01;31m[K^~~~~~~~~~~~[m[K
gmake[2]: *** [CMakeFiles/dex_controller.dir/build.make:76: CMakeFiles/dex_controller.dir/src/dex_controller.cpp.o] Error 1
gmake[1]: *** [CMakeFiles/Makefile2:137: CMakeFiles/dex_controller.dir/all] Error 2
gmake: *** [Makefile:146: all] Error 2
