[0.008s] Invoking command in '/home/mz/auto-exercise/dex_sugun_ws/build/dex_controller': CMAKE_PREFIX_PATH=${CMAKE_PREFIX_PATH}:/opt/ros/humble /usr/bin/cmake --build /home/mz/auto-exercise/dex_sugun_ws/build/dex_controller -- -j24 -l24
[0.031s] [35m[1mConsolidate compiler generated dependencies of target dex_controller[0m
[0.043s] [ 50%] [32mBuilding CXX object CMakeFiles/dex_controller.dir/src/dex_controller.cpp.o[0m
[1.806s] In file included from [01m[K/opt/ros/humble/include/rclcpp/rclcpp/logging.hpp:24[m[K,
[1.806s]                  from [01m[K/opt/ros/humble/include/rclcpp/rclcpp/client.hpp:40[m[K,
[1.806s]                  from [01m[K/opt/ros/humble/include/rclcpp/rclcpp/callback_group.hpp:24[m[K,
[1.807s]                  from [01m[K/opt/ros/humble/include/rclcpp_lifecycle/rclcpp_lifecycle/lifecycle_node.hpp:55[m[K,
[1.807s]                  from [01m[K/opt/ros/humble/include/nav2_costmap_2d/costmap_2d_publisher.hpp:46[m[K,
[1.807s]                  from [01m[K/opt/ros/humble/include/nav2_costmap_2d/costmap_2d_ros.hpp:48[m[K,
[1.807s]                  from [01m[K/opt/ros/humble/include/nav2_core/controller.hpp:42[m[K,
[1.807s]                  from [01m[K/home/mz/auto-exercise/dex_sugun_ws/src/dex_solution/dex_controller/include/dex_controller/dex_controller.hpp:10[m[K,
[1.807s]                  from [01m[K/home/mz/auto-exercise/dex_sugun_ws/src/dex_solution/dex_controller/src/dex_controller.cpp:3[m[K:
[1.807s] [01m[K/home/mz/auto-exercise/dex_sugun_ws/src/dex_solution/dex_controller/src/dex_controller.cpp:[m[K In member function â€˜[01m[Kvirtual void dex_controller::DexController::cleanup()[m[Kâ€™:
[1.807s] [01m[K/home/mz/auto-exercise/dex_sugun_ws/src/dex_solution/dex_controller/src/dex_controller.cpp:19:93:[m[K [01;31m[Kerror: [m[Kâ€˜[01m[Kplugin_name_[m[Kâ€™ was not declared in this scope
[1.807s]    19 | O( logger_, "Cleaning up controller: %s of type dex_controller::DexController", [01;31m[Kplugin_name_[m[K.c_str());
[1.807s]       |                                                                                 [01;31m[K^~~~~~~~~~~~[m[K
[1.807s] 
[1.811s] [01m[K/home/mz/auto-exercise/dex_sugun_ws/src/dex_solution/dex_controller/src/dex_controller.cpp:[m[K In member function â€˜[01m[Kvirtual void dex_controller::DexController::activate()[m[Kâ€™:
[1.811s] [01m[K/home/mz/auto-exercise/dex_sugun_ws/src/dex_solution/dex_controller/src/dex_controller.cpp:24:92:[m[K [01;31m[Kerror: [m[Kâ€˜[01m[Kplugin_name_[m[Kâ€™ was not declared in this scope
[1.811s]    24 | FO( logger_, "Activating controller: %s of type dex_controller::DexController", [01;31m[Kplugin_name_[m[K.c_str());
[1.811s]       |                                                                                 [01;31m[K^~~~~~~~~~~~[m[K
[1.811s] 
[1.815s] [01m[K/home/mz/auto-exercise/dex_sugun_ws/src/dex_solution/dex_controller/src/dex_controller.cpp:[m[K In member function â€˜[01m[Kvirtual void dex_controller::DexController::deactivate()[m[Kâ€™:
[1.815s] [01m[K/home/mz/auto-exercise/dex_sugun_ws/src/dex_solution/dex_controller/src/dex_controller.cpp:29:94:[m[K [01;31m[Kerror: [m[Kâ€˜[01m[Kplugin_name_[m[Kâ€™ was not declared in this scope
[1.815s]    29 | ( logger_, "Deactivating controller: %s of type dex_controller::DexController", [01;31m[Kplugin_name_[m[K.c_str());
[1.815s]       |                                                                                 [01;31m[K^~~~~~~~~~~~[m[K
[1.815s] 
[1.818s] [01m[K/home/mz/auto-exercise/dex_sugun_ws/src/dex_solution/dex_controller/src/dex_controller.cpp:[m[K In member function â€˜[01m[Kbool dex_controller::DexController::transformPose(std::string, const PoseStamped&, geometry_msgs::msg::PoseStamped&) const[m[Kâ€™:
[1.818s] [01m[K/home/mz/auto-exercise/dex_sugun_ws/src/dex_solution/dex_controller/src/dex_controller.cpp:44:5:[m[K [01;31m[Kerror: [m[Kâ€˜[01m[Ktf_[m[Kâ€™ was not declared in this scope; did you mean â€˜[01m[Ktf2[m[Kâ€™?
[1.818s]    44 |     [01;31m[Ktf_[m[K->transform(in_pose, out_pose, frame, transform_tolerance_);
[1.818s]       |     [01;31m[K^~~[m[K
[1.818s]       |     [32m[Ktf2[m[K
[1.824s] [01m[K/home/mz/auto-exercise/dex_sugun_ws/src/dex_solution/dex_controller/src/dex_controller.cpp:44:46:[m[K [01;31m[Kerror: [m[Kâ€˜[01m[Ktransform_tolerance_[m[Kâ€™ was not declared in this scope
[1.824s]    44 |     tf_->transform(in_pose, out_pose, frame, [01;31m[Ktransform_tolerance_[m[K);
[1.824s]       |                                              [01;31m[K^~~~~~~~~~~~~~~~~~~~[m[K
[1.825s] [01m[K/home/mz/auto-exercise/dex_sugun_ws/src/dex_solution/dex_controller/src/dex_controller.cpp:[m[K In member function â€˜[01m[Knav_msgs::msg::Path dex_controller::DexController::transformGlobalPlan(const PoseStamped&)[m[Kâ€™:
[1.825s] [01m[K/home/mz/auto-exercise/dex_sugun_ws/src/dex_solution/dex_controller/src/dex_controller.cpp:62:16:[m[K [01;31m[Kerror: [m[Kâ€˜[01m[Knav2_util::geometry_utils[m[Kâ€™ has not been declared
[1.825s]    62 |     nav2_util::[01;31m[Kgeometry_utils[m[K::min_by(
[1.825s]       |                [01;31m[K^~~~~~~~~~~~~~[m[K
[1.832s] [01m[K/home/mz/auto-exercise/dex_sugun_ws/src/dex_solution/dex_controller/src/dex_controller.cpp:63:33:[m[K [01;31m[Kerror: [m[Kâ€˜[01m[Kclosest_pose_upper_bound[m[Kâ€™ was not declared in this scope
[1.832s]    63 |     global_plan_.poses.begin(), [01;31m[Kclosest_pose_upper_bound[m[K,
[1.832s]       |                                 [01;31m[K^~~~~~~~~~~~~~~~~~~~~~~~[m[K
[1.836s] [01m[K/home/mz/auto-exercise/dex_sugun_ws/src/dex_solution/dex_controller/src/dex_controller.cpp:64:7:[m[K [01;31m[Kerror: [m[Kâ€˜[01m[Krobot_pose[m[Kâ€™ was not declared in this scope
[1.836s]    64 |     [&[01;31m[Krobot_pose[m[K](const geometry_msgs::msg::PoseStamped & ps) {
[1.836s]       |       [01;31m[K^~~~~~~~~~[m[K
[1.836s] [01m[K/home/mz/auto-exercise/dex_sugun_ws/src/dex_solution/dex_controller/src/dex_controller.cpp:[m[K In lambda function:
[1.836s] [01m[K/home/mz/auto-exercise/dex_sugun_ws/src/dex_solution/dex_controller/src/dex_controller.cpp:65:33:[m[K [01;31m[Kerror: [m[Kâ€˜[01m[Krobot_pose[m[Kâ€™ is not captured
[1.836s]    65 |       return euclidean_distance([01;31m[Krobot_pose[m[K, ps);
[1.836s]       |                                 [01;31m[K^~~~~~~~~~[m[K
[1.836s] [01m[K/home/mz/auto-exercise/dex_sugun_ws/src/dex_solution/dex_controller/src/dex_controller.cpp:64:17:[m[K [01;36m[Knote: [m[Kthe lambda has no capture-default
[1.836s]    64 |     [&robot_pose[01;36m[K][m[K(const geometry_msgs::msg::PoseStamped & ps) {
[1.837s]       |                 [01;36m[K^[m[K
[1.837s] [01m[K/home/mz/auto-exercise/dex_sugun_ws/src/dex_solution/dex_controller/src/dex_controller.cpp:64:7:[m[K [01;36m[Knote: [m[Kâ€˜[01m[K<typeprefixerror>robot_pose[m[Kâ€™ declared here
[1.837s]    64 |     [&[01;36m[Krobot_pose[m[K](const geometry_msgs::msg::PoseStamped & ps) {
[1.837s]       |       [01;36m[K^~~~~~~~~~[m[K
[1.842s] [01m[K/home/mz/auto-exercise/dex_sugun_ws/src/dex_solution/dex_controller/src/dex_controller.cpp:65:14:[m[K [01;31m[Kerror: [m[Kâ€˜[01m[Keuclidean_distance[m[Kâ€™ was not declared in this scope
[1.842s]    65 |       return [01;31m[Keuclidean_distance[m[K(robot_pose, ps);
[1.842s]       |              [01;31m[K^~~~~~~~~~~~~~~~~~[m[K
[1.847s] [01m[K/home/mz/auto-exercise/dex_sugun_ws/src/dex_solution/dex_controller/src/dex_controller.cpp:[m[K In lambda function:
[1.847s] [01m[K/home/mz/auto-exercise/dex_sugun_ws/src/dex_solution/dex_controller/src/dex_controller.cpp:72:53:[m[K [01;31m[Kerror: [m[Kâ€˜[01m[Kmax_costmap_extent[m[Kâ€™ was not declared in this scope
[1.847s]    72 |       return euclidean_distance(pose, robot_pose) > [01;31m[Kmax_costmap_extent[m[K;
[1.847s]       |                                                     [01;31m[K^~~~~~~~~~~~~~~~~~[m[K
[1.851s] [01m[K/home/mz/auto-exercise/dex_sugun_ws/src/dex_solution/dex_controller/src/dex_controller.cpp:[m[K In lambda function:
[1.851s] [01m[K/home/mz/auto-exercise/dex_sugun_ws/src/dex_solution/dex_controller/src/dex_controller.cpp:81:21:[m[K [01;31m[Kerror: [m[Kâ€˜[01m[Kcostmap_ros_[m[Kâ€™ was not declared in this scope
[1.851s]    81 |       transformPose([01;31m[Kcostmap_ros_[m[K->getBaseFrameID(), stamped_pose, transformed_pose);
[1.851s]       |                     [01;31m[K^~~~~~~~~~~~[m[K
[1.855s] [01m[K/home/mz/auto-exercise/dex_sugun_ws/src/dex_solution/dex_controller/src/dex_controller.cpp:[m[K In member function â€˜[01m[Knav_msgs::msg::Path dex_controller::DexController::transformGlobalPlan(const PoseStamped&)[m[Kâ€™:
[1.855s] [01m[K/home/mz/auto-exercise/dex_sugun_ws/src/dex_solution/dex_controller/src/dex_controller.cpp:92:38:[m[K [01;31m[Kerror: [m[Kâ€˜[01m[Kcostmap_ros_[m[Kâ€™ was not declared in this scope
[1.856s]    92 |   transformed_plan.header.frame_id = [01;31m[Kcostmap_ros_[m[K->getBaseFrameID();
[1.856s]       |                                      [01;31m[K^~~~~~~~~~~~[m[K
[2.701s] gmake[2]: *** [CMakeFiles/dex_controller.dir/build.make:76: CMakeFiles/dex_controller.dir/src/dex_controller.cpp.o] Error 1
[2.701s] gmake[1]: *** [CMakeFiles/Makefile2:137: CMakeFiles/dex_controller.dir/all] Error 2
[2.701s] gmake: *** [Makefile:146: all] Error 2
[2.703s] Invoked command in '/home/mz/auto-exercise/dex_sugun_ws/build/dex_controller' returned '2': CMAKE_PREFIX_PATH=${CMAKE_PREFIX_PATH}:/opt/ros/humble /usr/bin/cmake --build /home/mz/auto-exercise/dex_sugun_ws/build/dex_controller -- -j24 -l24
