[01m[K/home/mz/auto-exercise/dex_sugun_ws/src/dex_solution/dex_controller/src/dex_controller.cpp:[m[K In member function â€˜[01m[Knav_msgs::msg::Path dex_controller::DexController::transformGlobalPlan(const PoseStamped&)[m[Kâ€™:
[01m[K/home/mz/auto-exercise/dex_sugun_ws/src/dex_solution/dex_controller/src/dex_controller.cpp:75:33:[m[K [01;31m[Kerror: [m[Kâ€˜[01m[Kclosest_pose_upper_bound[m[Kâ€™ was not declared in this scope
   75 |     global_plan_.poses.begin(), [01;31m[Kclosest_pose_upper_bound[m[K,
      |                                 [01;31m[K^~~~~~~~~~~~~~~~~~~~~~~~[m[K
[01m[K/home/mz/auto-exercise/dex_sugun_ws/src/dex_solution/dex_controller/src/dex_controller.cpp:76:7:[m[K [01;31m[Kerror: [m[Kâ€˜[01m[Krobot_pose[m[Kâ€™ was not declared in this scope
   76 |     [&[01;31m[Krobot_pose[m[K](const geometry_msgs::msg::PoseStamped & ps) {
      |       [01;31m[K^~~~~~~~~~[m[K
[01m[K/home/mz/auto-exercise/dex_sugun_ws/src/dex_solution/dex_controller/src/dex_controller.cpp:[m[K In lambda function:
[01m[K/home/mz/auto-exercise/dex_sugun_ws/src/dex_solution/dex_controller/src/dex_controller.cpp:77:33:[m[K [01;31m[Kerror: [m[Kâ€˜[01m[Krobot_pose[m[Kâ€™ is not captured
   77 |       return euclidean_distance([01;31m[Krobot_pose[m[K, ps);
      |                                 [01;31m[K^~~~~~~~~~[m[K
[01m[K/home/mz/auto-exercise/dex_sugun_ws/src/dex_solution/dex_controller/src/dex_controller.cpp:76:17:[m[K [01;36m[Knote: [m[Kthe lambda has no capture-default
   76 |     [&robot_pose[01;36m[K][m[K(const geometry_msgs::msg::PoseStamped & ps) {
      |                 [01;36m[K^[m[K
[01m[K/home/mz/auto-exercise/dex_sugun_ws/src/dex_solution/dex_controller/src/dex_controller.cpp:76:7:[m[K [01;36m[Knote: [m[Kâ€˜[01m[K<typeprefixerror>robot_pose[m[Kâ€™ declared here
   76 |     [&[01;36m[Krobot_pose[m[K](const geometry_msgs::msg::PoseStamped & ps) {
      |       [01;36m[K^~~~~~~~~~[m[K
[01m[K/home/mz/auto-exercise/dex_sugun_ws/src/dex_solution/dex_controller/src/dex_controller.cpp:77:14:[m[K [01;31m[Kerror: [m[Kâ€˜[01m[Keuclidean_distance[m[Kâ€™ was not declared in this scope; did you mean â€˜[01m[Knav2_util::geometry_utils::euclidean_distance[m[Kâ€™?
   77 |       return [01;31m[Keuclidean_distance[m[K(robot_pose, ps);
      |              [01;31m[K^~~~~~~~~~~~~~~~~~[m[K
      |              [32m[Knav2_util::geometry_utils::euclidean_distance[m[K
In file included from [01m[K/home/mz/auto-exercise/dex_sugun_ws/src/dex_solution/dex_controller/include/dex_controller/dex_controller.hpp:20[m[K,
                 from [01m[K/home/mz/auto-exercise/dex_sugun_ws/src/dex_solution/dex_controller/src/dex_controller.cpp:3[m[K:
[01m[K/opt/ros/humble/include/nav2_util/geometry_utils.hpp:112:15:[m[K [01;36m[Knote: [m[Kâ€˜[01m[Knav2_util::geometry_utils::euclidean_distance[m[Kâ€™ declared here
  112 | inline double [01;36m[Keuclidean_distance[m[K(
      |               [01;36m[K^~~~~~~~~~~~~~~~~~[m[K
[01m[K/home/mz/auto-exercise/dex_sugun_ws/src/dex_solution/dex_controller/src/dex_controller.cpp:[m[K In lambda function:
[01m[K/home/mz/auto-exercise/dex_sugun_ws/src/dex_solution/dex_controller/src/dex_controller.cpp:84:53:[m[K [01;31m[Kerror: [m[Kâ€˜[01m[Kmax_costmap_extent[m[Kâ€™ was not declared in this scope
   84 |       return euclidean_distance(pose, robot_pose) > [01;31m[Kmax_costmap_extent[m[K;
      |                                                     [01;31m[K^~~~~~~~~~~~~~~~~~[m[K
gmake[2]: *** [CMakeFiles/dex_controller.dir/build.make:76: CMakeFiles/dex_controller.dir/src/dex_controller.cpp.o] Error 1
gmake[1]: *** [CMakeFiles/Makefile2:137: CMakeFiles/dex_controller.dir/all] Error 2
gmake: *** [Makefile:146: all] Error 2
