[0.007s] Invoking command in '/home/mz/auto-exercise/dex_sugun_ws/build/dex_controller': CMAKE_PREFIX_PATH=${CMAKE_PREFIX_PATH}:/opt/ros/humble /usr/bin/cmake --build /home/mz/auto-exercise/dex_sugun_ws/build/dex_controller -- -j24 -l24
[0.030s] [35m[1mConsolidate compiler generated dependencies of target dex_controller[0m
[0.042s] [ 50%] [32mBuilding CXX object CMakeFiles/dex_controller.dir/src/dex_controller.cpp.o[0m
[1.816s] [01m[K/home/mz/auto-exercise/dex_sugun_ws/src/dex_solution/dex_controller/src/dex_controller.cpp:[m[K In member function â€˜[01m[Kdouble dex_controller::DexController::getLookAheadDistance(const Twist&)[m[Kâ€™:
[1.816s] [01m[K/home/mz/auto-exercise/dex_sugun_ws/src/dex_solution/dex_controller/src/dex_controller.cpp:148:27:[m[K [01;31m[Kerror: [m[Kâ€˜[01m[Klookahead_dist_[m[Kâ€™ was not declared in this scope; did you mean â€˜[01m[Klookahead_dist[m[Kâ€™?
[1.816s]   148 |   double lookahead_dist = [01;31m[Klookahead_dist_[m[K;
[1.816s]       |                           [01;31m[K^~~~~~~~~~~~~~~[m[K
[1.816s]       |                           [32m[Klookahead_dist[m[K
[1.824s] [01m[K/home/mz/auto-exercise/dex_sugun_ws/src/dex_solution/dex_controller/src/dex_controller.cpp:149:7:[m[K [01;31m[Kerror: [m[Kâ€˜[01m[Kuse_velocity_scaled_lookahead_dist_[m[Kâ€™ was not declared in this scope
[1.824s]   149 |   if ([01;31m[Kuse_velocity_scaled_lookahead_dist_[m[K) {
[1.824s]       |       [01;31m[K^~~~~~~~~~~~~~~~~~~~~~~~~~~~~~~~~~~[m[K
[1.829s] [01m[K/home/mz/auto-exercise/dex_sugun_ws/src/dex_solution/dex_controller/src/dex_controller.cpp:150:45:[m[K [01;31m[Kerror: [m[Kâ€˜[01m[Klookahead_time_[m[Kâ€™ was not declared in this scope; did you mean â€˜[01m[Klookahead_dist[m[Kâ€™?
[1.829s]   150 |     lookahead_dist = fabs(speed.linear.x) * [01;31m[Klookahead_time_[m[K;
[1.829s]       |                                             [01;31m[K^~~~~~~~~~~~~~~[m[K
[1.829s]       |                                             [32m[Klookahead_dist[m[K
[1.834s] [01m[K/home/mz/auto-exercise/dex_sugun_ws/src/dex_solution/dex_controller/src/dex_controller.cpp:151:49:[m[K [01;31m[Kerror: [m[Kâ€˜[01m[Kmin_lookahead_dist_[m[Kâ€™ was not declared in this scope; did you mean â€˜[01m[Klookahead_dist[m[Kâ€™?
[1.834s]   151 |     lookahead_dist = std::clamp(lookahead_dist, [01;31m[Kmin_lookahead_dist_[m[K, max_lookahead_dist_);
[1.834s]       |                                                 [01;31m[K^~~~~~~~~~~~~~~~~~~[m[K
[1.834s]       |                                                 [32m[Klookahead_dist[m[K
[1.839s] [01m[K/home/mz/auto-exercise/dex_sugun_ws/src/dex_solution/dex_controller/src/dex_controller.cpp:151:70:[m[K [01;31m[Kerror: [m[Kâ€˜[01m[Kmax_lookahead_dist_[m[Kâ€™ was not declared in this scope; did you mean â€˜[01m[Klookahead_dist[m[Kâ€™?
[1.839s]   151 |     lookahead_dist = std::clamp(lookahead_dist, min_lookahead_dist_, [01;31m[Kmax_lookahead_dist_[m[K);
[1.839s]       |                                                                      [01;31m[K^~~~~~~~~~~~~~~~~~~[m[K
[1.839s]       |                                                                      [32m[Klookahead_dist[m[K
[1.845s] [01m[K/home/mz/auto-exercise/dex_sugun_ws/src/dex_solution/dex_controller/src/dex_controller.cpp:[m[K In member function â€˜[01m[Kgeometry_msgs::msg::PoseStamped dex_controller::DexController::getLookAheadPoint(const double&, const Path&)[m[Kâ€™:
[1.845s] [01m[K/home/mz/auto-exercise/dex_sugun_ws/src/dex_solution/dex_controller/src/dex_controller.cpp:201:12:[m[K [01;31m[Kerror: [m[Kâ€˜[01m[Kuse_interpolation_[m[Kâ€™ was not declared in this scope
[1.845s]   201 |   else if ([01;31m[Kuse_interpolation_[m[K && goal_pose_it != transformed_plan.poses.begin())
[1.845s]       |            [01;31m[K^~~~~~~~~~~~~~~~~~[m[K
[2.661s] gmake[2]: *** [CMakeFiles/dex_controller.dir/build.make:76: CMakeFiles/dex_controller.dir/src/dex_controller.cpp.o] Error 1
[2.661s] gmake[1]: *** [CMakeFiles/Makefile2:137: CMakeFiles/dex_controller.dir/all] Error 2
[2.661s] gmake: *** [Makefile:146: all] Error 2
[2.663s] Invoked command in '/home/mz/auto-exercise/dex_sugun_ws/build/dex_controller' returned '2': CMAKE_PREFIX_PATH=${CMAKE_PREFIX_PATH}:/opt/ros/humble /usr/bin/cmake --build /home/mz/auto-exercise/dex_sugun_ws/build/dex_controller -- -j24 -l24
