[0.008s] Invoking command in '/home/mz/auto-exercise/dex_sugun_ws/build/dex_controller': CMAKE_PREFIX_PATH=${CMAKE_PREFIX_PATH}:/opt/ros/humble /usr/bin/cmake --build /home/mz/auto-exercise/dex_sugun_ws/build/dex_controller -- -j24 -l24
[0.034s] [35m[1mConsolidate compiler generated dependencies of target dex_controller[0m
[0.046s] [ 50%] [32mBuilding CXX object CMakeFiles/dex_controller.dir/src/dex_controller.cpp.o[0m
[1.867s] [01m[K/home/mz/auto-exercise/dex_sugun_ws/src/dex_solution/dex_controller/src/dex_controller.cpp:[m[K In member function â€˜[01m[Knav_msgs::msg::Path dex_controller::DexController::transformGlobalPlan(const PoseStamped&)[m[Kâ€™:
[1.867s] [01m[K/home/mz/auto-exercise/dex_sugun_ws/src/dex_solution/dex_controller/src/dex_controller.cpp:92:33:[m[K [01;31m[Kerror: [m[Kâ€˜[01m[Kclosest_pose_upper_bound[m[Kâ€™ was not declared in this scope
[1.868s]    92 |     global_plan_.poses.begin(), [01;31m[Kclosest_pose_upper_bound[m[K,
[1.868s]       |                                 [01;31m[K^~~~~~~~~~~~~~~~~~~~~~~~[m[K
[1.872s] [01m[K/home/mz/auto-exercise/dex_sugun_ws/src/dex_solution/dex_controller/src/dex_controller.cpp:93:7:[m[K [01;31m[Kerror: [m[Kâ€˜[01m[Krobot_pose[m[Kâ€™ was not declared in this scope
[1.872s]    93 |     [&[01;31m[Krobot_pose[m[K](const geometry_msgs::msg::PoseStamped & ps) {
[1.872s]       |       [01;31m[K^~~~~~~~~~[m[K
[1.872s] [01m[K/home/mz/auto-exercise/dex_sugun_ws/src/dex_solution/dex_controller/src/dex_controller.cpp:[m[K In lambda function:
[1.872s] [01m[K/home/mz/auto-exercise/dex_sugun_ws/src/dex_solution/dex_controller/src/dex_controller.cpp:94:33:[m[K [01;31m[Kerror: [m[Kâ€˜[01m[Krobot_pose[m[Kâ€™ is not captured
[1.872s]    94 |       return euclidean_distance([01;31m[Krobot_pose[m[K, ps);
[1.872s]       |                                 [01;31m[K^~~~~~~~~~[m[K
[1.872s] [01m[K/home/mz/auto-exercise/dex_sugun_ws/src/dex_solution/dex_controller/src/dex_controller.cpp:93:17:[m[K [01;36m[Knote: [m[Kthe lambda has no capture-default
[1.872s]    93 |     [&robot_pose[01;36m[K][m[K(const geometry_msgs::msg::PoseStamped & ps) {
[1.872s]       |                 [01;36m[K^[m[K
[1.872s] [01m[K/home/mz/auto-exercise/dex_sugun_ws/src/dex_solution/dex_controller/src/dex_controller.cpp:93:7:[m[K [01;36m[Knote: [m[Kâ€˜[01m[K<typeprefixerror>robot_pose[m[Kâ€™ declared here
[1.873s]    93 |     [&[01;36m[Krobot_pose[m[K](const geometry_msgs::msg::PoseStamped & ps) {
[1.873s]       |       [01;36m[K^~~~~~~~~~[m[K
[1.877s] [01m[K/home/mz/auto-exercise/dex_sugun_ws/src/dex_solution/dex_controller/src/dex_controller.cpp:[m[K In lambda function:
[1.878s] [01m[K/home/mz/auto-exercise/dex_sugun_ws/src/dex_solution/dex_controller/src/dex_controller.cpp:101:53:[m[K [01;31m[Kerror: [m[Kâ€˜[01m[Kmax_costmap_extent[m[Kâ€™ was not declared in this scope
[1.878s]   101 |       return euclidean_distance(pose, robot_pose) > [01;31m[Kmax_costmap_extent[m[K;
[1.878s]       |                                                     [01;31m[K^~~~~~~~~~~~~~~~~~[m[K
[2.700s] gmake[2]: *** [CMakeFiles/dex_controller.dir/build.make:76: CMakeFiles/dex_controller.dir/src/dex_controller.cpp.o] Error 1
[2.700s] gmake[1]: *** [CMakeFiles/Makefile2:137: CMakeFiles/dex_controller.dir/all] Error 2
[2.700s] gmake: *** [Makefile:146: all] Error 2
[2.701s] Invoked command in '/home/mz/auto-exercise/dex_sugun_ws/build/dex_controller' returned '2': CMAKE_PREFIX_PATH=${CMAKE_PREFIX_PATH}:/opt/ros/humble /usr/bin/cmake --build /home/mz/auto-exercise/dex_sugun_ws/build/dex_controller -- -j24 -l24
