[01m[K/home/mz/auto-exercise/dex_sugun_ws/src/dex_solution/dex_controller/src/dex_controller.cpp:[m[K In member function â€˜[01m[Kgeometry_msgs::msg::PoseStamped dex_controller::DexController::getLookAheadPoint(const double&, const Path&)[m[Kâ€™:
[01m[K/home/mz/auto-exercise/dex_sugun_ws/src/dex_solution/dex_controller/src/dex_controller.cpp:209:12:[m[K [01;31m[Kerror: [m[Kâ€˜[01m[Kuse_interpolation_[m[Kâ€™ was not declared in this scope
  209 |   else if ([01;31m[Kuse_interpolation_[m[K && goal_pose_it != transformed_plan.poses.begin())
      |            [01;31m[K^~~~~~~~~~~~~~~~~~[m[K
gmake[2]: *** [CMakeFiles/dex_controller.dir/build.make:76: CMakeFiles/dex_controller.dir/src/dex_controller.cpp.o] Error 1
gmake[1]: *** [CMakeFiles/Makefile2:137: CMakeFiles/dex_controller.dir/all] Error 2
gmake: *** [Makefile:146: all] Error 2
