[0.008s] Invoking command in '/home/mz/auto-exercise/dex_sugun_ws/build/dex_controller': CMAKE_PREFIX_PATH=${CMAKE_PREFIX_PATH}:/opt/ros/humble /usr/bin/cmake --build /home/mz/auto-exercise/dex_sugun_ws/build/dex_controller -- -j24 -l24
[0.032s] [35m[1mConsolidate compiler generated dependencies of target dex_controller[0m
[0.045s] [ 50%] [32mBuilding CXX object CMakeFiles/dex_controller.dir/src/dex_controller.cpp.o[0m
[1.879s] [01m[K/home/mz/auto-exercise/dex_sugun_ws/src/dex_solution/dex_controller/src/dex_controller.cpp:[m[K In member function â€˜[01m[Knav_msgs::msg::Path dex_controller::DexController::transformGlobalPlan(const PoseStamped&)[m[Kâ€™:
[1.879s] [01m[K/home/mz/auto-exercise/dex_sugun_ws/src/dex_solution/dex_controller/src/dex_controller.cpp:160:3:[m[K [01;31m[Kerror: [m[Kâ€˜[01m[Kglobal_path_pub_[m[Kâ€™ was not declared in this scope
[1.879s]   160 |   [01;31m[Kglobal_path_pub_[m[K->publish(transformed_plan);
[1.879s]       |   [01;31m[K^~~~~~~~~~~~~~~~[m[K
[2.720s] gmake[2]: *** [CMakeFiles/dex_controller.dir/build.make:76: CMakeFiles/dex_controller.dir/src/dex_controller.cpp.o] Error 1
[2.720s] gmake[1]: *** [CMakeFiles/Makefile2:137: CMakeFiles/dex_controller.dir/all] Error 2
[2.720s] gmake: *** [Makefile:146: all] Error 2
[2.721s] Invoked command in '/home/mz/auto-exercise/dex_sugun_ws/build/dex_controller' returned '2': CMAKE_PREFIX_PATH=${CMAKE_PREFIX_PATH}:/opt/ros/humble /usr/bin/cmake --build /home/mz/auto-exercise/dex_sugun_ws/build/dex_controller -- -j24 -l24
