[35m[1mConsolidate compiler generated dependencies of target dex_controller[0m
[ 50%] [32mBuilding CXX object CMakeFiles/dex_controller.dir/src/dex_controller.cpp.o[0m
In file included from [01m[K/opt/ros/humble/include/rclcpp/rclcpp/logging.hpp:24[m[K,
                 from [01m[K/opt/ros/humble/include/rclcpp/rclcpp/client.hpp:40[m[K,
                 from [01m[K/opt/ros/humble/include/rclcpp/rclcpp/callback_group.hpp:24[m[K,
                 from [01m[K/opt/ros/humble/include/rclcpp_lifecycle/rclcpp_lifecycle/lifecycle_node.hpp:55[m[K,
                 from [01m[K/opt/ros/humble/include/nav2_costmap_2d/costmap_2d_publisher.hpp:46[m[K,
                 from [01m[K/opt/ros/humble/include/nav2_costmap_2d/costmap_2d_ros.hpp:48[m[K,
                 from [01m[K/opt/ros/humble/include/nav2_core/controller.hpp:42[m[K,
                 from [01m[K/home/mz/auto-exercise/dex_sugun_ws/src/dex_solution/dex_controller/include/dex_controller/dex_controller.hpp:10[m[K,
                 from [01m[K/home/mz/auto-exercise/dex_sugun_ws/src/dex_solution/dex_controller/src/dex_controller.cpp:3[m[K:
[01m[K/home/mz/auto-exercise/dex_sugun_ws/src/dex_solution/dex_controller/src/dex_controller.cpp:[m[K In member function â€˜[01m[Kvirtual void dex_controller::DexController::cleanup()[m[Kâ€™:
[01m[K/home/mz/auto-exercise/dex_sugun_ws/src/dex_solution/dex_controller/src/dex_controller.cpp:19:93:[m[K [01;31m[Kerror: [m[Kâ€˜[01m[Kplugin_name_[m[Kâ€™ was not declared in this scope
   19 | O( logger_, "Cleaning up controller: %s of type dex_controller::DexController", [01;31m[Kplugin_name_[m[K.c_str());
      |                                                                                 [01;31m[K^~~~~~~~~~~~[m[K

[01m[K/home/mz/auto-exercise/dex_sugun_ws/src/dex_solution/dex_controller/src/dex_controller.cpp:[m[K In member function â€˜[01m[Kvirtual void dex_controller::DexController::activate()[m[Kâ€™:
[01m[K/home/mz/auto-exercise/dex_sugun_ws/src/dex_solution/dex_controller/src/dex_controller.cpp:24:92:[m[K [01;31m[Kerror: [m[Kâ€˜[01m[Kplugin_name_[m[Kâ€™ was not declared in this scope
   24 | FO( logger_, "Activating controller: %s of type dex_controller::DexController", [01;31m[Kplugin_name_[m[K.c_str());
      |                                                                                 [01;31m[K^~~~~~~~~~~~[m[K

[01m[K/home/mz/auto-exercise/dex_sugun_ws/src/dex_solution/dex_controller/src/dex_controller.cpp:[m[K In member function â€˜[01m[Kvirtual void dex_controller::DexController::deactivate()[m[Kâ€™:
[01m[K/home/mz/auto-exercise/dex_sugun_ws/src/dex_solution/dex_controller/src/dex_controller.cpp:29:94:[m[K [01;31m[Kerror: [m[Kâ€˜[01m[Kplugin_name_[m[Kâ€™ was not declared in this scope
   29 | ( logger_, "Deactivating controller: %s of type dex_controller::DexController", [01;31m[Kplugin_name_[m[K.c_str());
      |                                                                                 [01;31m[K^~~~~~~~~~~~[m[K

[01m[K/home/mz/auto-exercise/dex_sugun_ws/src/dex_solution/dex_controller/src/dex_controller.cpp:[m[K In member function â€˜[01m[Knav_msgs::msg::Path dex_controller::DexController::transformGlobalPlan(const PoseStamped&)[m[Kâ€™:
[01m[K/home/mz/auto-exercise/dex_sugun_ws/src/dex_solution/dex_controller/src/dex_controller.cpp:36:22:[m[K [01;31m[Kerror: [m[Kâ€˜[01m[KPlannerException[m[Kâ€™ is not a member of â€˜[01m[Knav2_core[m[Kâ€™
   36 |     throw nav2_core::[01;31m[KPlannerException[m[K("Received plan with zero length");
      |                      [01;31m[K^~~~~~~~~~~~~~~~[m[K
[01m[K/home/mz/auto-exercise/dex_sugun_ws/src/dex_solution/dex_controller/src/dex_controller.cpp:41:8:[m[K [01;31m[Kerror: [m[Kâ€˜[01m[KtransformPose[m[Kâ€™ was not declared in this scope
   41 |   if (![01;31m[KtransformPose[m[K(global_plan_.header.frame_id, pose, robot_pose)) {
      |        [01;31m[K^~~~~~~~~~~~~[m[K
[01m[K/home/mz/auto-exercise/dex_sugun_ws/src/dex_solution/dex_controller/src/dex_controller.cpp:42:22:[m[K [01;31m[Kerror: [m[Kâ€˜[01m[KPlannerException[m[Kâ€™ is not a member of â€˜[01m[Knav2_core[m[Kâ€™
   42 |     throw nav2_core::[01;31m[KPlannerException[m[K("Unable to transform robot pose into global plan's frame");
      |                      [01;31m[K^~~~~~~~~~~~~~~~[m[K
[01m[K/home/mz/auto-exercise/dex_sugun_ws/src/dex_solution/dex_controller/src/dex_controller.cpp:46:31:[m[K [01;31m[Kerror: [m[Kâ€˜[01m[KgetCostmapMaxExtent[m[Kâ€™ was not declared in this scope
   46 |   double max_costmap_extent = [01;31m[KgetCostmapMaxExtent[m[K();
      |                               [01;31m[K^~~~~~~~~~~~~~~~~~~[m[K
[01m[K/home/mz/auto-exercise/dex_sugun_ws/src/dex_solution/dex_controller/src/dex_controller.cpp:49:16:[m[K [01;31m[Kerror: [m[Kâ€˜[01m[Knav2_util::geometry_utils[m[Kâ€™ has not been declared
   49 |     nav2_util::[01;31m[Kgeometry_utils[m[K::first_after_integrated_distance(
      |                [01;31m[K^~~~~~~~~~~~~~[m[K
[01m[K/home/mz/auto-exercise/dex_sugun_ws/src/dex_solution/dex_controller/src/dex_controller.cpp:50:59:[m[K [01;31m[Kerror: [m[Kâ€˜[01m[Kmax_robot_pose_search_dist_[m[Kâ€™ was not declared in this scope
   50 |     global_plan_.poses.begin(), global_plan_.poses.end(), [01;31m[Kmax_robot_pose_search_dist_[m[K);
      |                                                           [01;31m[K^~~~~~~~~~~~~~~~~~~~~~~~~~~[m[K
[01m[K/home/mz/auto-exercise/dex_sugun_ws/src/dex_solution/dex_controller/src/dex_controller.cpp:56:16:[m[K [01;31m[Kerror: [m[Kâ€˜[01m[Knav2_util::geometry_utils[m[Kâ€™ has not been declared
   56 |     nav2_util::[01;31m[Kgeometry_utils[m[K::min_by(
      |                [01;31m[K^~~~~~~~~~~~~~[m[K
[01m[K/home/mz/auto-exercise/dex_sugun_ws/src/dex_solution/dex_controller/src/dex_controller.cpp:[m[K In lambda function:
[01m[K/home/mz/auto-exercise/dex_sugun_ws/src/dex_solution/dex_controller/src/dex_controller.cpp:59:14:[m[K [01;31m[Kerror: [m[Kâ€˜[01m[Keuclidean_distance[m[Kâ€™ was not declared in this scope
   59 |       return [01;31m[Keuclidean_distance[m[K(robot_pose, ps);
      |              [01;31m[K^~~~~~~~~~~~~~~~~~[m[K
[01m[K/home/mz/auto-exercise/dex_sugun_ws/src/dex_solution/dex_controller/src/dex_controller.cpp:[m[K In lambda function:
[01m[K/home/mz/auto-exercise/dex_sugun_ws/src/dex_solution/dex_controller/src/dex_controller.cpp:75:21:[m[K [01;31m[Kerror: [m[Kâ€˜[01m[Kcostmap_ros_[m[Kâ€™ was not declared in this scope
   75 |       transformPose([01;31m[Kcostmap_ros_[m[K->getBaseFrameID(), stamped_pose, transformed_pose);
      |                     [01;31m[K^~~~~~~~~~~~[m[K
[01m[K/home/mz/auto-exercise/dex_sugun_ws/src/dex_solution/dex_controller/src/dex_controller.cpp:75:7:[m[K [01;31m[Kerror: [m[Kthere are no arguments to â€˜[01m[KtransformPose[m[Kâ€™ that depend on a template parameter, so a declaration of â€˜[01m[KtransformPose[m[Kâ€™ must be available [[01;31m[K]8;;https://gcc.gnu.org/onlinedocs/gcc/Warning-Options.html#index-fpermissive-fpermissive]8;;[m[K]
   75 |       [01;31m[KtransformPose[m[K(costmap_ros_->getBaseFrameID(), stamped_pose, transformed_pose);
      |       [01;31m[K^~~~~~~~~~~~~[m[K
[01m[K/home/mz/auto-exercise/dex_sugun_ws/src/dex_solution/dex_controller/src/dex_controller.cpp:75:7:[m[K [01;36m[Knote: [m[K(if you use â€˜[01m[K-fpermissive[m[Kâ€™, G++ will accept your code, but allowing the use of an undeclared name is deprecated)
[01m[K/home/mz/auto-exercise/dex_sugun_ws/src/dex_solution/dex_controller/src/dex_controller.cpp:[m[K In member function â€˜[01m[Knav_msgs::msg::Path dex_controller::DexController::transformGlobalPlan(const PoseStamped&)[m[Kâ€™:
[01m[K/home/mz/auto-exercise/dex_sugun_ws/src/dex_solution/dex_controller/src/dex_controller.cpp:86:38:[m[K [01;31m[Kerror: [m[Kâ€˜[01m[Kcostmap_ros_[m[Kâ€™ was not declared in this scope
   86 |   transformed_plan.header.frame_id = [01;31m[Kcostmap_ros_[m[K->getBaseFrameID();
      |                                      [01;31m[K^~~~~~~~~~~~[m[K
[01m[K/home/mz/auto-exercise/dex_sugun_ws/src/dex_solution/dex_controller/src/dex_controller.cpp:92:3:[m[K [01;31m[Kerror: [m[Kâ€˜[01m[Kglobal_path_pub_[m[Kâ€™ was not declared in this scope
   92 |   [01;31m[Kglobal_path_pub_[m[K->publish(transformed_plan);
      |   [01;31m[K^~~~~~~~~~~~~~~~[m[K
[01m[K/home/mz/auto-exercise/dex_sugun_ws/src/dex_solution/dex_controller/src/dex_controller.cpp:95:22:[m[K [01;31m[Kerror: [m[Kâ€˜[01m[KPlannerException[m[Kâ€™ is not a member of â€˜[01m[Knav2_core[m[Kâ€™
   95 |     throw nav2_core::[01;31m[KPlannerException[m[K("Resulting plan has 0 poses in it.");
      |                      [01;31m[K^~~~~~~~~~~~~~~~[m[K
gmake[2]: *** [CMakeFiles/dex_controller.dir/build.make:76: CMakeFiles/dex_controller.dir/src/dex_controller.cpp.o] Error 1
gmake[1]: *** [CMakeFiles/Makefile2:137: CMakeFiles/dex_controller.dir/all] Error 2
gmake: *** [Makefile:146: all] Error 2
