[0.007s] Invoking command in '/home/mz/auto-exercise/dex_sugun_ws/build/dex_controller': CMAKE_PREFIX_PATH=${CMAKE_PREFIX_PATH}:/opt/ros/humble /usr/bin/cmake --build /home/mz/auto-exercise/dex_sugun_ws/build/dex_controller -- -j24 -l24
[0.030s] [35m[1mConsolidate compiler generated dependencies of target dex_controller[0m
[0.042s] [ 50%] [32mBuilding CXX object CMakeFiles/dex_controller.dir/src/dex_controller.cpp.o[0m
[1.807s] [01m[K/home/mz/auto-exercise/dex_sugun_ws/src/dex_solution/dex_controller/src/dex_controller.cpp:[m[K In member function â€˜[01m[Kvirtual void dex_controller::DexController::configure(const WeakPtr&, std::string, std::shared_ptr<tf2_ros::Buffer>, std::shared_ptr<nav2_costmap_2d::Costmap2DROS>)[m[Kâ€™:
[1.808s] [01m[K/home/mz/auto-exercise/dex_sugun_ws/src/dex_solution/dex_controller/src/dex_controller.cpp:26:3:[m[K [01;31m[Kerror: [m[Kâ€˜[01m[Ktransform_tolerance_[m[Kâ€™ was not declared in this scope; did you mean â€˜[01m[Ktransform_tolerance[m[Kâ€™?
[1.808s]    26 |   [01;31m[Ktransform_tolerance_[m[K = tf2::durationFromSec(transform_tolerance);
[1.808s]       |   [01;31m[K^~~~~~~~~~~~~~~~~~~~[m[K
[1.808s]       |   [32m[Ktransform_tolerance[m[K
[1.815s] [01m[K/home/mz/auto-exercise/dex_sugun_ws/src/dex_solution/dex_controller/src/dex_controller.cpp:[m[K In member function â€˜[01m[Kbool dex_controller::DexController::transformPose(std::string, const PoseStamped&, geometry_msgs::msg::PoseStamped&) const[m[Kâ€™:
[1.815s] [01m[K/home/mz/auto-exercise/dex_sugun_ws/src/dex_solution/dex_controller/src/dex_controller.cpp:56:46:[m[K [01;31m[Kerror: [m[Kâ€˜[01m[Ktransform_tolerance_[m[Kâ€™ was not declared in this scope
[1.815s]    56 |     tf_->transform(in_pose, out_pose, frame, [01;31m[Ktransform_tolerance_[m[K);
[1.815s]       |                                              [01;31m[K^~~~~~~~~~~~~~~~~~~~[m[K
[1.815s] [01m[K/home/mz/auto-exercise/dex_sugun_ws/src/dex_solution/dex_controller/src/dex_controller.cpp:[m[K In member function â€˜[01m[Knav_msgs::msg::Path dex_controller::DexController::transformGlobalPlan(const PoseStamped&)[m[Kâ€™:
[1.815s] [01m[K/home/mz/auto-exercise/dex_sugun_ws/src/dex_solution/dex_controller/src/dex_controller.cpp:74:16:[m[K [01;31m[Kerror: [m[Kâ€˜[01m[Knav2_util::geometry_utils[m[Kâ€™ has not been declared
[1.815s]    74 |     nav2_util::[01;31m[Kgeometry_utils[m[K::min_by(
[1.815s]       |                [01;31m[K^~~~~~~~~~~~~~[m[K
[1.822s] [01m[K/home/mz/auto-exercise/dex_sugun_ws/src/dex_solution/dex_controller/src/dex_controller.cpp:75:33:[m[K [01;31m[Kerror: [m[Kâ€˜[01m[Kclosest_pose_upper_bound[m[Kâ€™ was not declared in this scope
[1.823s]    75 |     global_plan_.poses.begin(), [01;31m[Kclosest_pose_upper_bound[m[K,
[1.823s]       |                                 [01;31m[K^~~~~~~~~~~~~~~~~~~~~~~~[m[K
[1.827s] [01m[K/home/mz/auto-exercise/dex_sugun_ws/src/dex_solution/dex_controller/src/dex_controller.cpp:76:7:[m[K [01;31m[Kerror: [m[Kâ€˜[01m[Krobot_pose[m[Kâ€™ was not declared in this scope
[1.827s]    76 |     [&[01;31m[Krobot_pose[m[K](const geometry_msgs::msg::PoseStamped & ps) {
[1.827s]       |       [01;31m[K^~~~~~~~~~[m[K
[1.827s] [01m[K/home/mz/auto-exercise/dex_sugun_ws/src/dex_solution/dex_controller/src/dex_controller.cpp:[m[K In lambda function:
[1.827s] [01m[K/home/mz/auto-exercise/dex_sugun_ws/src/dex_solution/dex_controller/src/dex_controller.cpp:77:33:[m[K [01;31m[Kerror: [m[Kâ€˜[01m[Krobot_pose[m[Kâ€™ is not captured
[1.827s]    77 |       return euclidean_distance([01;31m[Krobot_pose[m[K, ps);
[1.827s]       |                                 [01;31m[K^~~~~~~~~~[m[K
[1.827s] [01m[K/home/mz/auto-exercise/dex_sugun_ws/src/dex_solution/dex_controller/src/dex_controller.cpp:76:17:[m[K [01;36m[Knote: [m[Kthe lambda has no capture-default
[1.827s]    76 |     [&robot_pose[01;36m[K][m[K(const geometry_msgs::msg::PoseStamped & ps) {
[1.827s]       |                 [01;36m[K^[m[K
[1.827s] [01m[K/home/mz/auto-exercise/dex_sugun_ws/src/dex_solution/dex_controller/src/dex_controller.cpp:76:7:[m[K [01;36m[Knote: [m[Kâ€˜[01m[K<typeprefixerror>robot_pose[m[Kâ€™ declared here
[1.827s]    76 |     [&[01;36m[Krobot_pose[m[K](const geometry_msgs::msg::PoseStamped & ps) {
[1.827s]       |       [01;36m[K^~~~~~~~~~[m[K
[1.832s] [01m[K/home/mz/auto-exercise/dex_sugun_ws/src/dex_solution/dex_controller/src/dex_controller.cpp:77:14:[m[K [01;31m[Kerror: [m[Kâ€˜[01m[Keuclidean_distance[m[Kâ€™ was not declared in this scope
[1.832s]    77 |       return [01;31m[Keuclidean_distance[m[K(robot_pose, ps);
[1.833s]       |              [01;31m[K^~~~~~~~~~~~~~~~~~[m[K
[1.838s] [01m[K/home/mz/auto-exercise/dex_sugun_ws/src/dex_solution/dex_controller/src/dex_controller.cpp:[m[K In lambda function:
[1.838s] [01m[K/home/mz/auto-exercise/dex_sugun_ws/src/dex_solution/dex_controller/src/dex_controller.cpp:84:53:[m[K [01;31m[Kerror: [m[Kâ€˜[01m[Kmax_costmap_extent[m[Kâ€™ was not declared in this scope
[1.838s]    84 |       return euclidean_distance(pose, robot_pose) > [01;31m[Kmax_costmap_extent[m[K;
[1.838s]       |                                                     [01;31m[K^~~~~~~~~~~~~~~~~~[m[K
[2.682s] gmake[2]: *** [CMakeFiles/dex_controller.dir/build.make:76: CMakeFiles/dex_controller.dir/src/dex_controller.cpp.o] Error 1
[2.683s] gmake[1]: *** [CMakeFiles/Makefile2:137: CMakeFiles/dex_controller.dir/all] Error 2
[2.683s] gmake: *** [Makefile:146: all] Error 2
[2.684s] Invoked command in '/home/mz/auto-exercise/dex_sugun_ws/build/dex_controller' returned '2': CMAKE_PREFIX_PATH=${CMAKE_PREFIX_PATH}:/opt/ros/humble /usr/bin/cmake --build /home/mz/auto-exercise/dex_sugun_ws/build/dex_controller -- -j24 -l24
